<?xml version="1.0" encoding="UTF-8"?>
<!-- Generated by org.testng.reporters.JUnitXMLReporter -->
<testsuite ignored="2" hostname="DESKTOP-27LHT3K" failures="0" tests="1" name="Test" time="12.116" errors="0" timestamp="2021-01-12T10:29:41 EST">
  <testcase classname="testCases.T01_homepageValidation" name="homepageValidation" time="5.625"/>
  <testcase classname="testCases.T02_loginpageValidation" name="loginpageValidation" time="0.0">
    <ignored/>
  </testcase> <!-- loginpageValidation -->
  <testcase classname="testCases.T03_regeistrationpageValidation" name="registerpageopensucssesfully" time="0.0">
    <ignored/>
  </testcase> <!-- registerpageopensucssesfully -->
</testsuite> <!-- Test -->
