<?xml version="1.0" encoding="UTF-8"?>
<testng-results ignored="2" total="3" passed="1" failed="0" skipped="0">
  <reporter-output>
  </reporter-output>
  <suite started-at="2021-01-12T10:29:29 EST" name="Suite" finished-at="2021-01-12T10:29:41 EST" duration-ms="12116">
    <groups>
      <group name="smoke">
        <method signature="T01_homepageValidation.homepageValidation()[pri:0, instance:testCases.T01_homepageValidation@11fc564b]" name="homepageValidation" class="testCases.T01_homepageValidation"/>
      </group> <!-- smoke -->
    </groups>
    <test started-at="2021-01-12T10:29:29 EST" name="Test" finished-at="2021-01-12T10:29:41 EST" duration-ms="12116">
      <class name="testCases.T01_homepageValidation">
        <test-method is-config="true" signature="openBrowser()[pri:0, instance:testCases.T01_homepageValidation@11fc564b]" started-at="2021-01-12T10:29:29 EST" name="openBrowser" finished-at="2021-01-12T10:29:35 EST" duration-ms="6372" status="PASS">
          <reporter-output>
          </reporter-output>
        </test-method> <!-- openBrowser -->
        <test-method signature="homepageValidation()[pri:0, instance:testCases.T01_homepageValidation@11fc564b]" started-at="2021-01-12T10:29:35 EST" name="homepageValidation" finished-at="2021-01-12T10:29:41 EST" duration-ms="5625" status="PASS">
          <reporter-output>
          </reporter-output>
        </test-method> <!-- homepageValidation -->
        <test-method is-config="true" signature="closeBrowser()[pri:0, instance:testCases.T01_homepageValidation@11fc564b]" started-at="2021-01-12T10:29:41 EST" name="closeBrowser" finished-at="2021-01-12T10:29:41 EST" duration-ms="86" status="PASS">
          <reporter-output>
          </reporter-output>
        </test-method> <!-- closeBrowser -->
      </class> <!-- testCases.T01_homepageValidation -->
    </test> <!-- Test -->
  </suite> <!-- Suite -->
</testng-results>
